[0m2022.01.13 21:40:47 INFO  Started: Metals version 0.10.9 in workspace '/home/savely/scala-miscellanea/initial' for client emacs GNU Emacs 28.0.90 (build 1, x86_64-pc-linux-gnu, GTK+ Version 3.24.27, cairo version 1.16.0).[0m
[0m2022.01.13 21:40:50 INFO  time: initialize in 2.88s[0m
[0m2022.01.13 21:40:50 WARN  Build server is not auto-connectable.[0m
[0m2022.01.13 21:40:59 INFO  running '/nix/store/bzw0zpgsvrwqp7v2c9flakzd2jvbavaf-openjdk-17.0.1+12/lib/openjdk/bin/java -Djline.terminal=jline.UnsupportedTerminal -Dsbt.log.noformat=true -Dfile.encoding=UTF-8 -jar /tmp/metals11464797091117195941/sbt-launch.jar -Dbloop.export-jar-classifiers=sources bloopInstall'[0m
[31merror[39m: src/example.worksheet.sc:24:1: illegal start of definition case
case
^^^^
[0m2022.01.13 21:41:03 INFO  no build target: using presentation compiler with only scala-library: 3.1.0[0m
[0m2022.01.13 21:41:05 INFO  [info] welcome to sbt 1.6.1 (N/A Java 17.0.1)[0m
Jan 13, 2022 9:41:07 PM org.eclipse.lsp4j.jsonrpc.RemoteEndpoint handleCancellation
WARNING: Unmatched cancel notification for request id 13
Jan 13, 2022 9:41:07 PM org.eclipse.lsp4j.jsonrpc.RemoteEndpoint handleCancellation
WARNING: Unmatched cancel notification for request id 22
[0m2022.01.13 21:41:15 INFO  [info] loading settings for project initial-build-build from metals.sbt ...[0m
[0m2022.01.13 21:41:17 INFO  [info] loading project definition from /home/savely/scala-miscellanea/initial/project/project[0m
[0m2022.01.13 21:41:18 INFO  time: code lens generation in 11s[0m
[0m2022.01.13 21:41:18 INFO  time: code lens generation in 11s[0m
[0m2022.01.13 21:41:18 INFO  time: code lens generation in 11s[0m
[0m2022.01.13 21:41:18 INFO  time: code lens generation in 24s[0m
[0m2022.01.13 21:41:18 INFO  time: code lens generation in 24s[0m
[0m2022.01.13 21:41:18 INFO  time: code lens generation in 26s[0m
[0m2022.01.13 21:41:18 INFO  no build target: using presentation compiler with only scala-library: 3.1.0[0m
[0m2022.01.13 21:41:18 INFO  time: evaluated worksheet 'example.worksheet.sc' in 26s[0m
[0m2022.01.13 21:41:23 INFO  time: evaluated worksheet 'example.worksheet.sc' in 4.71s[0m
[0m2022.01.13 21:41:24 INFO  [info] loading settings for project initial-build from metals.sbt ...[0m
[0m2022.01.13 21:41:24 INFO  [info] loading project definition from /home/savely/scala-miscellanea/initial/project[0m
[0m2022.01.13 21:41:28 INFO  [success] Generated .bloop/initial-build.json[0m
[0m2022.01.13 21:41:28 INFO  [warn] Removed stale /home/savely/scala-miscellanea/initial/project/.bloop/scala-miscellanea-build.json[0m
[0m2022.01.13 21:41:28 INFO  [success] Total time: 4 s, completed Jan 13, 2022, 9:41:28 PM[0m
[0m2022.01.13 21:41:30 INFO  [info] loading settings for project root from build.sbt ...[0m
[0m2022.01.13 21:41:30 INFO  [info] set current project to scala-miscellanea (in build file:/home/savely/scala-miscellanea/initial/)[0m
[0m2022.01.13 21:41:30 INFO  [success] Generated .bloop/root.json[0m
[0m2022.01.13 21:41:30 INFO  [success] Generated .bloop/root-test.json[0m
[0m2022.01.13 21:41:30 INFO  [success] Total time: 0 s, completed Jan 13, 2022, 9:41:31 PM[0m
[0m2022.01.13 21:41:31 INFO  time: ran 'sbt bloopInstall' in 32s[0m
[0m2022.01.13 21:41:31 INFO  Attempting to connect to the build server...[0m
Starting the bsp launcher for bloop...
Opening a bsp server connection with 'bsp --protocol local --socket /tmp/bsp-launcher8831148756471229633/bsp.socket'...
Waiting for the bsp connection to come up...
Waiting for the bsp connection to come up...
Waiting for the bsp connection to come up...
Waiting for the bsp connection to come up...
Waiting for the bsp connection to come up...
No server running at 127.0.0.1:8212, let's fire one...
Resolving ch.epfl.scala:bloop-frontend_2.12:1.4.11...
Starting bloop server at 127.0.0.1:8212...
Attempting a connection to the server...
Attempting a connection to the server...
Attempting a connection to the server...
Attempting a connection to the server...
Attempting a connection to the server...
Attempting a connection to the server...
[0m[32m[D][0m Loading 2 projects from '/home/savely/scala-miscellanea/initial/.bloop'...
[0m[32m[D][0m Loading project from '/home/savely/scala-miscellanea/initial/.bloop/root.json'
[0m[32m[D][0m Loading project from '/home/savely/scala-miscellanea/initial/.bloop/root-test.json'
[0m[32m[D][0m Cache miss for scala instance org.scala-lang:scala-compiler:3.1.0.
[0m[32m[D][0m   => /home/savely/.cache/coursier/v1/https/repo1.maven.org/maven2/com/fasterxml/jackson/core/jackson-annotations/2.2.3/jackson-annotations-2.2.3.jar
[0m[32m[D][0m   => /home/savely/.cache/coursier/v1/https/repo1.maven.org/maven2/com/fasterxml/jackson/core/jackson-core/2.9.8/jackson-core-2.9.8.jar
[0m[32m[D][0m   => /home/savely/.cache/coursier/v1/https/repo1.maven.org/maven2/com/fasterxml/jackson/core/jackson-databind/2.2.3/jackson-databind-2.2.3.jar
[0m[32m[D][0m   => /home/savely/.cache/coursier/v1/https/repo1.maven.org/maven2/com/fasterxml/jackson/dataformat/jackson-dataformat-yaml/2.9.8/jackson-dataformat-yaml-2.9.8.jar
[0m[32m[D][0m   => /home/savely/.cache/coursier/v1/https/repo1.maven.org/maven2/com/google/protobuf/protobuf-java/3.7.0/protobuf-java-3.7.0.jar
[0m[32m[D][0m   => /home/savely/.cache/coursier/v1/https/repo1.maven.org/maven2/com/vladsch/flexmark/flexmark-ext-anchorlink/0.42.12/flexmark-ext-anchorlink-0.42.12.jar
[0m[32m[D][0m   => /home/savely/.cache/coursier/v1/https/repo1.maven.org/maven2/com/vladsch/flexmark/flexmark-ext-autolink/0.42.12/flexmark-ext-autolink-0.42.12.jar
[0m[32m[D][0m   => /home/savely/.cache/coursier/v1/https/repo1.maven.org/maven2/com/vladsch/flexmark/flexmark-ext-emoji/0.42.12/flexmark-ext-emoji-0.42.12.jar
[0m[32m[D][0m   => /home/savely/.cache/coursier/v1/https/repo1.maven.org/maven2/com/vladsch/flexmark/flexmark-ext-gfm-strikethrough/0.42.12/flexmark-ext-gfm-strikethrough-0.42.12.jar
[0m[32m[D][0m   => /home/savely/.cache/coursier/v1/https/repo1.maven.org/maven2/com/vladsch/flexmark/flexmark-ext-gfm-tables/0.42.12/flexmark-ext-gfm-tables-0.42.12.jar
[0m[32m[D][0m   => /home/savely/.cache/coursier/v1/https/repo1.maven.org/maven2/com/vladsch/flexmark/flexmark-ext-gfm-tasklist/0.42.12/flexmark-ext-gfm-tasklist-0.42.12.jar
[0m[32m[D][0m   => /home/savely/.cache/coursier/v1/https/repo1.maven.org/maven2/com/vladsch/flexmark/flexmark-ext-ins/0.42.12/flexmark-ext-ins-0.42.12.jar
[0m[32m[D][0m   => /home/savely/.cache/coursier/v1/https/repo1.maven.org/maven2/com/vladsch/flexmark/flexmark-ext-superscript/0.42.12/flexmark-ext-superscript-0.42.12.jar
[0m[32m[D][0m   => /home/savely/.cache/coursier/v1/https/repo1.maven.org/maven2/com/vladsch/flexmark/flexmark-ext-tables/0.42.12/flexmark-ext-tables-0.42.12.jar
[0m[32m[D][0m   => /home/savely/.cache/coursier/v1/https/repo1.maven.org/maven2/com/vladsch/flexmark/flexmark-ext-wikilink/0.42.12/flexmark-ext-wikilink-0.42.12.jar
[0m[32m[D][0m   => /home/savely/.cache/coursier/v1/https/repo1.maven.org/maven2/com/vladsch/flexmark/flexmark-ext-yaml-front-matter/0.42.12/flexmark-ext-yaml-front-matter-0.42.12.jar
[0m[32m[D][0m   => /home/savely/.cache/coursier/v1/https/repo1.maven.org/maven2/com/vladsch/flexmark/flexmark-formatter/0.42.12/flexmark-formatter-0.42.12.jar
[0m[32m[D][0m   => /home/savely/.cache/coursier/v1/https/repo1.maven.org/maven2/com/vladsch/flexmark/flexmark-html-parser/0.42.12/flexmark-html-parser-0.42.12.jar
[0m[32m[D][0m   => /home/savely/.cache/coursier/v1/https/repo1.maven.org/maven2/com/vladsch/flexmark/flexmark-jira-converter/0.42.12/flexmark-jira-converter-0.42.12.jar
[0m[32m[D][0m   => /home/savely/.cache/coursier/v1/https/repo1.maven.org/maven2/com/vladsch/flexmark/flexmark-util/0.42.12/flexmark-util-0.42.12.jar
[0m[32m[D][0m   => /home/savely/.cache/coursier/v1/https/repo1.maven.org/maven2/com/vladsch/flexmark/flexmark/0.42.12/flexmark-0.42.12.jar
[0m[32m[D][0m   => /home/savely/.cache/coursier/v1/https/repo1.maven.org/maven2/net/java/dev/jna/jna/5.3.1/jna-5.3.1.jar
[0m[32m[D][0m   => /home/savely/.cache/coursier/v1/https/repo1.maven.org/maven2/nl/big-o/liqp/0.6.7/liqp-0.6.7.jar
[0m[32m[D][0m   => /home/savely/.cache/coursier/v1/https/repo1.maven.org/maven2/org/antlr/ST4/4.0.7/ST4-4.0.7.jar
[0m[32m[D][0m   => /home/savely/.cache/coursier/v1/https/repo1.maven.org/maven2/org/antlr/antlr-runtime/3.5.1/antlr-runtime-3.5.1.jar
[0m[32m[D][0m   => /home/savely/.cache/coursier/v1/https/repo1.maven.org/maven2/org/antlr/antlr/3.5.1/antlr-3.5.1.jar
[0m[32m[D][0m   => /home/savely/.cache/coursier/v1/https/repo1.maven.org/maven2/org/jline/jline-reader/3.19.0/jline-reader-3.19.0.jar
[0m[32m[D][0m   => /home/savely/.cache/coursier/v1/https/repo1.maven.org/maven2/org/jline/jline-terminal-jna/3.19.0/jline-terminal-jna-3.19.0.jar
[0m[32m[D][0m   => /home/savely/.cache/coursier/v1/https/repo1.maven.org/maven2/org/jline/jline-terminal/3.19.0/jline-terminal-3.19.0.jar
[0m[32m[D][0m   => /home/savely/.cache/coursier/v1/https/repo1.maven.org/maven2/org/jsoup/jsoup/1.13.1/jsoup-1.13.1.jar
[0m[32m[D][0m   => /home/savely/.cache/coursier/v1/https/repo1.maven.org/maven2/org/nibor/autolink/autolink/0.6.0/autolink-0.6.0.jar
[0m[32m[D][0m   => /home/savely/.cache/coursier/v1/https/repo1.maven.org/maven2/org/scala-lang/modules/scala-asm/9.1.0-scala-1/scala-asm-9.1.0-scala-1.jar
[0m[32m[D][0m   => /home/savely/.cache/coursier/v1/https/repo1.maven.org/maven2/org/scala-lang/scala-library/2.13.6/scala-library-2.13.6.jar
[0m[32m[D][0m   => /home/savely/.cache/coursier/v1/https/repo1.maven.org/maven2/org/scala-lang/scala3-compiler_3/3.1.0/scala3-compiler_3-3.1.0.jar
[0m[32m[D][0m   => /home/savely/.cache/coursier/v1/https/repo1.maven.org/maven2/org/scala-lang/scala3-interfaces/3.1.0/scala3-interfaces-3.1.0.jar
[0m[32m[D][0m   => /home/savely/.cache/coursier/v1/https/repo1.maven.org/maven2/org/scala-lang/scala3-library_3/3.1.0/scala3-library_3-3.1.0.jar
[0m[32m[D][0m   => /home/savely/.cache/coursier/v1/https/repo1.maven.org/maven2/org/scala-lang/scala3-tasty-inspector_3/3.1.0/scala3-tasty-inspector_3-3.1.0.jar
[0m[32m[D][0m   => /home/savely/.cache/coursier/v1/https/repo1.maven.org/maven2/org/scala-lang/scaladoc_3/3.1.0/scaladoc_3-3.1.0.jar
[0m[32m[D][0m   => /home/savely/.cache/coursier/v1/https/repo1.maven.org/maven2/org/scala-lang/tasty-core_3/3.1.0/tasty-core_3-3.1.0.jar
[0m[32m[D][0m   => /home/savely/.cache/coursier/v1/https/repo1.maven.org/maven2/org/scala-sbt/compiler-interface/1.3.5/compiler-interface-1.3.5.jar
[0m[32m[D][0m   => /home/savely/.cache/coursier/v1/https/repo1.maven.org/maven2/org/scala-sbt/util-interface/1.3.0/util-interface-1.3.0.jar
[0m[32m[D][0m   => /home/savely/.cache/coursier/v1/https/repo1.maven.org/maven2/org/yaml/snakeyaml/1.23/snakeyaml-1.23.jar
[0m[32m[D][0m Loading previous analysis for 'root-test' from '/home/savely/scala-miscellanea/initial/target/streams/test/bloopAnalysisOut/_global/streams/inc_compile_3.zip'.
[0m[32m[D][0m Loading previous analysis for 'root' from '/home/savely/scala-miscellanea/initial/target/streams/compile/bloopAnalysisOut/_global/streams/inc_compile_3.zip'.
[0m[32m[D][0m Waiting for a connection at local:///tmp/bsp-launcher8831148756471229633/bsp.socket...
The server is listening for incoming connections at local:///tmp/bsp-launcher8831148756471229633/bsp.socket...
Starting thread that pumps stdin and redirects it to the bsp server...
Starting thread that pumps server stdout and redirects it to the client stdout...
[0m2022.01.13 21:41:36 INFO  tracing is disabled for protocol BSP, to enable tracing of incoming and outgoing JSON messages create an empty file at /home/savely/.cache/metals/bsp.trace.json[0m
[0m2022.01.13 21:41:36 INFO  Attempting to connect to the build server...[0m
Starting the bsp launcher for bloop...
Opening a bsp server connection with 'bsp --protocol local --socket /tmp/bsp-launcher14480159696982026019/bsp.socket'...
Waiting for the bsp connection to come up...
[0m[32m[D][0m Loading workspace settings from bloop.settings.json
[0m[32m[D][0m Waiting for a connection at local:///tmp/bsp-launcher14480159696982026019/bsp.socket...
The server is listening for incoming connections at local:///tmp/bsp-launcher14480159696982026019/bsp.socket...
Starting thread that pumps stdin and redirects it to the bsp server...
Starting thread that pumps server stdout and redirects it to the client stdout...
[0m2022.01.13 21:41:36 INFO  tracing is disabled for protocol BSP, to enable tracing of incoming and outgoing JSON messages create an empty file at /home/savely/.cache/metals/bsp.trace.json[0m
[0m2022.01.13 21:41:36 INFO  time: Connected to build server in 5s[0m
[0m2022.01.13 21:41:36 INFO  Connected to Build server: Bloop v1.4.11[0m
[0m2022.01.13 21:41:37 INFO  time: Imported build in 0.21s[0m
[0m2022.01.13 21:41:43 INFO  time: indexed workspace in 6.05s[0m
[0m2022.01.13 21:41:44 INFO  no build target: using presentation compiler with only scala-library: 3.1.0[0m
[0m2022.01.13 21:41:45 INFO  time: code lens generation in 1.72s[0m
[0m2022.01.13 22:52:07 INFO  time: evaluated worksheet 'example.worksheet.sc' in 2.07s[0m
